 IC  :  U0301   Pin = 989
 No    Pin: 69
 Vcc   Pin:  0
 Gnd   Pin:237
 Group Pin:230
 Load  Pin:  2
 Low Value: 57
 User Skip:  1 Total Skip:596
--------------------------------------
 Testable Rate:  39.7%


VCC Pins = 0
--------------------------------------
GND Pins = 237
--------------------------------------
8, 22, 26, 28, 44, 60, 65, 
66, 67, 68, 69, 70, 71, 72, 
73, 74, 76, 78, 82, 104, 120, 
125, 126, 127, 128, 129, 130, 
131, 132, 133, 134, 136, 138, 
142, 164, 177, 180, 183, 187, 
191, 194, 200, 201, 202, 203, 
204, 205, 206, 207, 208, 209, 
211, 214, 217, 220, 223, 226, 
229, 232, 240, 261, 264, 269, 
271, 273, 282, 285, 288, 291, 
296, 299, 302, 310, 313, 316, 
319, 322, 325, 328, 331, 334, 
339, 341, 343, 366, 369, 372, 
380, 383, 386, 388, 391, 394, 
397, 401, 404, 418, 422, 425, 
428, 431, 434, 436, 439, 442, 
443, 445, 447, 450, 453, 471, 
474, 491, 493, 495, 497, 500, 
502, 506, 507, 510, 514, 520, 
523, 540, 543, 544, 546, 548, 
552, 553, 556, 558, 562, 565, 
568, 585, 589, 592, 596, 599, 
602, 605, 607, 612, 615, 618, 
623, 626, 629, 645, 648, 651, 
654, 656, 659, 667, 670, 673, 
684, 695, 698, 701, 704, 707, 
710, 712, 714, 717, 721, 723, 
725, 727, 731, 734, 753, 755, 
764, 766, 772, 775, 778, 781, 
784, 787, 788, 791, 794, 797, 
803, 806, 809, 819, 835, 840, 
841, 842, 843, 844, 845, 846, 
847, 848, 849, 851, 853, 857, 
879, 895, 900, 901, 902, 903, 
904, 905, 906, 907, 908, 909, 
911, 913, 917, 939, 955, 960, 
961, 962, 963, 964, 965, 966, 
967, 968, 969, 971, 973, 977, 
GROUP Pins = 230
--------------------------------------
10, 11, 12, 13, 25, 45, 46, 
47, 48, 49, 50, 51, 52, 53, 
54, 58, 61, 64, 75, 84, 85, 
86, 87, 88, 89, 90, 91, 92, 
93, 94, 105, 106, 107, 108, 
109, 110, 111, 112, 113, 114, 
118, 121, 124, 135, 144, 145, 
146, 147, 148, 149, 150, 151, 
152, 153, 154, 165, 166, 167, 
168, 169, 170, 171, 172, 173, 
174, 184, 185, 186, 188, 189, 
190, 192, 193, 195, 210, 224, 
225, 227, 228, 230, 260, 262, 
263, 265, 295, 297, 298, 300, 
330, 332, 333, 335, 365, 367, 
368, 370, 400, 402, 403, 405, 
435, 437, 438, 440, 470, 472, 
473, 475, 501, 503, 515, 516, 
535, 536, 537, 538, 570, 571, 
572, 573, 606, 608, 619, 620, 
640, 641, 642, 643, 655, 675, 
676, 677, 678, 690, 691, 692, 
700, 711, 713, 718, 719, 720, 
724, 726, 745, 746, 747, 748, 
749, 750, 752, 754, 756, 757, 
758, 759, 760, 761, 779, 780, 
790, 799, 800, 801, 820, 833, 
836, 839, 850, 859, 860, 861, 
862, 863, 864, 865, 866, 867, 
868, 869, 880, 881, 882, 883, 
884, 885, 886, 887, 888, 889, 
893, 896, 899, 910, 919, 920, 
921, 922, 923, 924, 925, 926, 
927, 928, 929, 940, 941, 942, 
943, 944, 945, 946, 947, 948, 
949, 953, 956, 959, 970, 979, 
980, 981, 982, 983, 984, 985, 
986, 987, 988, 989, 
LOAD Pins = 2
--------------------------------------
19, 509, 
NP Pins = 69
--------------------------------------
1, 15, 18, 23, 35, 36, 38, 
39, 63, 83, 96, 97, 99, 101, 
103, 117, 119, 161, 163, 199, 
221, 222, 235, 236, 242, 270, 
301, 303, 304, 305, 306, 307, 
308, 314, 349, 409, 414, 416, 
417, 451, 452, 485, 486, 508, 
511, 539, 574, 578, 609, 624, 
625, 644, 681, 686, 689, 762, 
763, 802, 821, 831, 832, 877, 
878, 898, 918, 933, 934, 951, 
952, 
LOW_V Pins = 57
--------------------------------------
3, 4, 5, 6, 7, 9, 14, 24, 27, 
29, 30, 32, 33, 34, 279, 419, 
421, 423, 424, 426, 429, 433, 
454, 455, 457, 458, 459, 460, 
461, 462, 463, 464, 465, 466, 
467, 468, 482, 483, 484, 488, 
489, 490, 492, 494, 496, 498, 
499, 524, 526, 559, 560, 595, 
630, 665, 735, 770, 829, 
SKIP Pins = 1
--------------------------------------
427, 



 IC  :  U2001   Pin = 1071
 No    Pin:232
 Vcc   Pin:  0
 Gnd   Pin:362
 Group Pin:159
 Load  Pin: 39
 Low Value:151
 User Skip:  0 Total Skip:943
--------------------------------------
 Testable Rate:  12.0%


VCC Pins = 0
--------------------------------------
GND Pins = 362
--------------------------------------
31, 32, 33, 35, 36, 37, 38, 
39, 40, 43, 47, 50, 52, 55, 
56, 60, 64, 65, 66, 70, 73, 
76, 79, 81, 82, 87, 90, 91, 
93, 94, 98, 99, 102, 103, 104, 
105, 110, 113, 114, 116, 117, 
119, 120, 125, 128, 131, 146, 
148, 152, 153, 156, 157, 158, 
159, 160, 165, 168, 171, 172, 
177, 182, 186, 189, 192, 193, 
194, 197, 198, 199, 200, 201, 
202, 204, 205, 208, 209, 215, 
218, 221, 227, 228, 230, 231, 
232, 233, 234, 235, 236, 237, 
238, 241, 242, 243, 246, 249, 
250, 253, 254, 255, 258, 263, 
264, 265, 267, 268, 269, 270, 
271, 272, 273, 274, 275, 276, 
277, 278, 281, 284, 289, 298, 
299, 301, 302, 305, 308, 311, 
312, 316, 319, 322, 325, 326, 
329, 331, 332, 334, 335, 336, 
345, 347, 349, 354, 360, 363, 
364, 377, 380, 383, 384, 385, 
386, 387, 388, 389, 392, 394, 
396, 398, 401, 404, 407, 408, 
410, 417, 419, 421, 422, 427, 
430, 431, 434, 441, 443, 445, 
447, 449, 453, 455, 457, 459, 
461, 466, 481, 486, 489, 490, 
492, 494, 496, 499, 501, 503, 
505, 506, 509, 512, 514, 516, 
518, 520, 525, 527, 529, 531, 
533, 536, 558, 559, 564, 565, 
567, 569, 571, 573, 576, 578, 
580, 582, 584, 585, 586, 589, 
591, 601, 602, 604, 608, 611, 
614, 627, 630, 631, 632, 634, 
636, 638, 642, 644, 646, 648, 
650, 686, 705, 720, 724, 725, 
727, 729, 731, 733, 736, 738, 
740, 742, 744, 745, 750, 773, 
776, 778, 780, 782, 784, 789, 
791, 793, 795, 797, 800, 806, 
808, 813, 815, 817, 819, 823, 
834, 850, 853, 854, 857, 862, 
863, 865, 867, 872, 874, 876, 
877, 880, 883, 886, 888, 890, 
897, 899, 901, 904, 907, 916, 
923, 933, 936, 939, 940, 943, 
944, 945, 947, 949, 951, 953, 
955, 958, 959, 962, 965, 968, 
972, 974, 976, 979, 991, 992, 
993, 994, 1000, 1002, 1003, 
1005, 1010, 1011, 1012, 1017, 
1018, 1019, 1020, 1021, 1022, 
1026, 1027, 1028, 1029, 1031, 
1034, 1035, 1038, 1039, 1041, 
1043, 1044, 1045, 1046, 1048, 
1051, 1054, 1055, 1056, 1057, 
1060, 1064, 1066, 1067, 
GROUP Pins = 159
--------------------------------------
13, 14, 41, 42, 57, 58, 59, 
61, 62, 63, 67, 68, 92, 95, 
96, 97, 100, 101, 106, 107, 
108, 109, 121, 122, 135, 136, 
137, 138, 139, 140, 141, 142, 
143, 144, 145, 149, 150, 151, 
173, 174, 175, 176, 178, 179, 
180, 181, 183, 184, 206, 207, 
210, 222, 223, 224, 225, 226, 
256, 257, 259, 260, 261, 262, 
290, 291, 292, 293, 294, 295, 
296, 297, 309, 310, 317, 318, 
337, 342, 343, 350, 351, 352, 
353, 361, 366, 367, 390, 391, 
414, 415, 451, 473, 474, 497, 
498, 510, 511, 522, 523, 547, 
548, 560, 561, 574, 575, 615, 
616, 640, 667, 668, 693, 694, 
734, 735, 761, 762, 786, 787, 
811, 812, 835, 836, 841, 869, 
870, 875, 893, 894, 898, 917, 
918, 922, 937, 941, 942, 946, 
984, 985, 986, 987, 988, 989, 
990, 995, 1008, 1009, 1013, 
1014, 1015, 1016, 1023, 1024, 
1025, 1047, 1052, 1053, 1058, 
1059, 1061, 1062, 1063, 
LOAD Pins = 39
--------------------------------------
1, 2, 25, 26, 27, 28, 34, 185, 
203, 229, 266, 340, 365, 439, 
440, 462, 463, 562, 587, 588, 
603, 628, 629, 651, 652, 653, 
654, 655, 656, 679, 680, 681, 
682, 706, 707, 721, 722, 747, 
871, 
NP Pins = 232
--------------------------------------
8, 11, 12, 15, 19, 20, 22, 
23, 24, 45, 46, 78, 80, 83, 
84, 85, 86, 88, 89, 111, 118, 
123, 124, 126, 127, 129, 130, 
154, 155, 161, 162, 167, 190, 
191, 211, 212, 244, 245, 247, 
283, 300, 306, 307, 313, 314, 
320, 321, 328, 330, 333, 338, 
339, 341, 344, 346, 348, 355, 
356, 357, 358, 359, 362, 368, 
369, 370, 371, 372, 373, 374, 
378, 379, 381, 382, 393, 395, 
402, 403, 409, 420, 425, 426, 
428, 429, 437, 438, 446, 456, 
458, 465, 476, 478, 479, 480, 
484, 485, 487, 488, 500, 502, 
504, 513, 524, 528, 530, 532, 
534, 535, 537, 538, 542, 544, 
550, 552, 553, 554, 555, 556, 
557, 563, 572, 577, 579, 581, 
583, 590, 596, 597, 598, 599, 
600, 605, 606, 617, 618, 619, 
620, 621, 622, 623, 624, 625, 
626, 641, 643, 645, 647, 649, 
657, 658, 669, 670, 671, 672, 
673, 674, 675, 676, 677, 678, 
691, 692, 698, 700, 701, 702, 
703, 704, 714, 717, 718, 728, 
739, 741, 754, 764, 768, 769, 
770, 774, 775, 781, 785, 790, 
794, 796, 810, 816, 818, 821, 
822, 824, 839, 840, 842, 844, 
845, 848, 856, 858, 860, 861, 
864, 873, 892, 900, 902, 903, 
905, 906, 908, 909, 911, 921, 
924, 927, 928, 954, 963, 970, 
973, 980, 981, 996, 997, 998, 
999, 1004, 1006, 1042, 1049, 
1050, 1069, 
LOW_V Pins = 151
--------------------------------------
3, 4, 7, 9, 16, 18, 21, 29, 
30, 48, 49, 51, 53, 54, 75, 
77, 115, 132, 169, 170, 303, 
304, 315, 375, 397, 405, 406, 
412, 413, 423, 424, 442, 444, 
454, 460, 464, 471, 472, 495, 
684, 688, 689, 696, 697, 708, 
709, 710, 715, 716, 719, 723, 
726, 730, 732, 737, 743, 746, 
748, 749, 751, 752, 753, 755, 
756, 757, 758, 759, 763, 765, 
766, 771, 772, 777, 779, 783, 
788, 792, 798, 799, 801, 802, 
803, 804, 805, 807, 809, 814, 
820, 825, 827, 828, 829, 831, 
832, 833, 837, 838, 849, 851, 
852, 855, 866, 868, 878, 881, 
882, 884, 885, 887, 891, 895, 
896, 910, 912, 914, 915, 919, 
920, 929, 930, 931, 932, 934, 
935, 938, 948, 950, 952, 956, 
960, 961, 964, 966, 967, 969, 
971, 975, 977, 978, 982, 1001, 
1007, 1030, 1032, 1033, 1036, 
1040, 1065, 1068, 1070, 1071, 
SKIP Pins = 0
--------------------------------------



 IC  :  U3001   Pin = 128
 No    Pin:  2
 Vcc   Pin:  0
 Gnd   Pin:  6
 Group Pin: 10
 Load  Pin:  0
 Low Value:  0
 User Skip:  0 Total Skip: 18
--------------------------------------
 Testable Rate:  85.9%


VCC Pins = 0
--------------------------------------
GND Pins = 6
--------------------------------------
1, 27, 49, 91, 113, 122, 
GROUP Pins = 10
--------------------------------------
3, 26, 50, 74, 75, 92, 103, 
114, 121, 127, 
LOAD Pins = 0
--------------------------------------
NP Pins = 2
--------------------------------------
19, 85, 
LOW_V Pins = 0
--------------------------------------
SKIP Pins = 0
--------------------------------------



 IC  :  U7201   Pin = 962
 No    Pin:297
 Vcc   Pin:  0
 Gnd   Pin:262
 Group Pin:184
 Load  Pin: 11
 Low Value: 39
 User Skip:  0 Total Skip:793
--------------------------------------
 Testable Rate:  17.6%


VCC Pins = 0
--------------------------------------
GND Pins = 262
--------------------------------------
1, 19, 20, 21, 23, 32, 34, 
36, 38, 40, 42, 56, 58, 60, 
62, 64, 66, 68, 73, 74, 76, 
81, 83, 85, 87, 89, 91, 93, 
95, 98, 101, 110, 115, 117, 
119, 121, 123, 125, 129, 133, 
134, 136, 138, 139, 141, 149, 
154, 156, 158, 167, 169, 173, 
174, 176, 179, 186, 188, 190, 
199, 216, 227, 228, 230, 234, 
235, 247, 251, 259, 263, 277, 
283, 284, 286, 288, 291, 293, 
295, 297, 298, 299, 301, 306, 
308, 317, 319, 333, 336, 337, 
340, 342, 344, 346, 347, 351, 
352, 358, 359, 360, 362, 364, 
366, 371, 373, 375, 380, 381, 
382, 383, 391, 392, 393, 394, 
401, 404, 411, 416, 422, 456, 
463, 468, 472, 479, 480, 482, 
483, 484, 485, 487, 488, 492, 
493, 494, 495, 496, 497, 498, 
499, 500, 501, 502, 503, 504, 
505, 506, 507, 527, 544, 560, 
562, 567, 569, 571, 573, 575, 
577, 579, 581, 583, 585, 587, 
589, 591, 593, 594, 597, 598, 
600, 621, 622, 631, 647, 650, 
653, 654, 656, 658, 672, 675, 
678, 685, 691, 703, 706, 709, 
710, 712, 717, 722, 726, 728, 
734, 737, 749, 752, 753, 755, 
759, 762, 763, 765, 774, 776, 
778, 780, 782, 787, 790, 803, 
806, 809, 810, 812, 816, 818, 
820, 822, 824, 826, 828, 839, 
841, 843, 845, 847, 849, 851, 
856, 859, 862, 863, 865, 871, 
872, 873, 875, 877, 879, 881, 
883, 887, 890, 897, 899, 901, 
903, 905, 907, 909, 912, 915, 
916, 918, 925, 928, 942, 944, 
946, 948, 950, 952, 959, 962, 
GROUP Pins = 184
--------------------------------------
30, 31, 33, 35, 37, 39, 41, 
45, 46, 47, 48, 57, 59, 61, 
63, 65, 67, 69, 77, 82, 84, 
86, 88, 90, 92, 94, 100, 112, 
113, 114, 116, 118, 120, 122, 
124, 146, 150, 151, 152, 153, 
155, 157, 159, 160, 161, 162, 
163, 170, 180, 181, 183, 184, 
185, 187, 189, 191, 192, 193, 
194, 198, 201, 217, 221, 222, 
224, 231, 252, 260, 279, 280, 
289, 307, 310, 335, 338, 356, 
363, 377, 378, 379, 384, 385, 
386, 387, 388, 389, 390, 395, 
396, 397, 426, 446, 451, 464, 
469, 605, 607, 609, 611, 613, 
615, 617, 618, 619, 629, 630, 
632, 645, 646, 657, 659, 673, 
674, 686, 689, 690, 713, 718, 
721, 725, 727, 729, 731, 744, 
747, 748, 750, 754, 756, 758, 
770, 772, 773, 775, 777, 779, 
781, 783, 784, 797, 813, 814, 
815, 817, 819, 821, 823, 825, 
827, 840, 842, 844, 846, 848, 
850, 852, 853, 866, 870, 874, 
876, 878, 880, 882, 884, 900, 
902, 904, 906, 908, 910, 911, 
923, 924, 935, 939, 941, 943, 
945, 947, 949, 951, 953, 956, 
LOAD Pins = 11
--------------------------------------
72, 131, 132, 164, 195, 200, 
223, 250, 318, 334, 345, 
NP Pins = 297
--------------------------------------
2, 3, 4, 5, 6, 7, 8, 9, 10, 
11, 12, 13, 14, 15, 16, 17, 
18, 43, 51, 52, 53, 75, 97, 
99, 106, 107, 126, 128, 130, 
137, 142, 143, 144, 145, 147, 
166, 168, 171, 178, 202, 203, 
204, 205, 206, 207, 209, 211, 
212, 213, 219, 220, 225, 226, 
229, 232, 233, 236, 237, 242, 
253, 254, 255, 256, 257, 258, 
261, 266, 269, 270, 275, 276, 
278, 281, 282, 285, 287, 290, 
296, 302, 303, 304, 305, 309, 
312, 313, 314, 315, 324, 325, 
326, 329, 330, 331, 332, 341, 
343, 353, 354, 357, 361, 365, 
367, 372, 374, 400, 402, 403, 
406, 407, 409, 410, 412, 413, 
414, 415, 417, 418, 423, 424, 
425, 427, 428, 429, 430, 431, 
432, 433, 434, 435, 436, 440, 
441, 442, 444, 445, 447, 448, 
449, 450, 452, 453, 454, 458, 
459, 460, 461, 462, 465, 466, 
467, 470, 476, 477, 489, 490, 
508, 509, 510, 511, 512, 513, 
514, 515, 516, 517, 518, 519, 
520, 521, 522, 523, 524, 525, 
526, 528, 529, 530, 531, 532, 
533, 534, 535, 536, 537, 538, 
539, 540, 541, 542, 543, 545, 
546, 547, 548, 549, 550, 551, 
552, 553, 554, 555, 556, 557, 
558, 559, 565, 566, 568, 570, 
572, 574, 576, 578, 580, 582, 
584, 586, 588, 590, 592, 599, 
601, 602, 603, 604, 606, 608, 
610, 612, 614, 616, 620, 626, 
627, 628, 633, 634, 635, 636, 
637, 638, 639, 640, 642, 643, 
644, 655, 660, 661, 662, 663, 
664, 665, 666, 667, 668, 669, 
670, 671, 681, 682, 684, 687, 
688, 692, 693, 694, 695, 696, 
697, 698, 699, 700, 711, 715, 
719, 720, 723, 724, 741, 742, 
743, 746, 764, 796, 811, 832, 
834, 864, 893, 895, 896, 917, 
920, 932, 933, 934, 
LOW_V Pins = 39
--------------------------------------
50, 182, 376, 408, 561, 595, 
596, 623, 624, 641, 651, 652, 
679, 680, 707, 708, 738, 739, 
751, 760, 761, 791, 792, 807, 
808, 829, 830, 860, 861, 891, 
892, 898, 913, 914, 929, 930, 
954, 955, 960, 
SKIP Pins = 0
--------------------------------------



 IC  :  U7301   Pin = 96
 No    Pin: 25
 Vcc   Pin:  0
 Gnd   Pin: 21
 Group Pin: 18
 Load  Pin:  0
 Low Value:  0
 User Skip:  0 Total Skip: 64
--------------------------------------
 Testable Rate:  33.3%


VCC Pins = 0
--------------------------------------
GND Pins = 21
--------------------------------------
6, 7, 9, 12, 19, 23, 25, 26, 
29, 36, 37, 41, 42, 50, 53, 
67, 72, 79, 84, 91, 96, 
GROUP Pins = 18
--------------------------------------
1, 5, 8, 13, 18, 20, 24, 30, 
31, 40, 44, 48, 56, 59, 73, 
78, 85, 90, 
LOAD Pins = 0
--------------------------------------
NP Pins = 25
--------------------------------------
2, 3, 10, 11, 14, 16, 17, 22, 
27, 32, 33, 34, 39, 45, 46, 
47, 49, 52, 54, 61, 65, 66, 
70, 93, 94, 
LOW_V Pins = 0
--------------------------------------
SKIP Pins = 0
--------------------------------------



 IC  :  U7302   Pin = 96
 No    Pin: 25
 Vcc   Pin:  0
 Gnd   Pin: 21
 Group Pin: 18
 Load  Pin:  0
 Low Value:  0
 User Skip:  0 Total Skip: 64
--------------------------------------
 Testable Rate:  33.3%


VCC Pins = 0
--------------------------------------
GND Pins = 21
--------------------------------------
6, 7, 9, 12, 19, 23, 25, 26, 
29, 36, 37, 41, 42, 50, 53, 
67, 72, 79, 84, 91, 96, 
GROUP Pins = 18
--------------------------------------
1, 5, 8, 13, 18, 20, 24, 30, 
31, 40, 44, 48, 56, 59, 73, 
78, 85, 90, 
LOAD Pins = 0
--------------------------------------
NP Pins = 25
--------------------------------------
2, 3, 4, 11, 15, 17, 21, 27, 
28, 32, 33, 34, 35, 38, 39, 
45, 49, 52, 54, 61, 65, 66, 
70, 93, 94, 
LOW_V Pins = 0
--------------------------------------
SKIP Pins = 0
--------------------------------------



 IC  :  U7303   Pin = 96
 No    Pin: 22
 Vcc   Pin:  0
 Gnd   Pin: 21
 Group Pin: 18
 Load  Pin:  0
 Low Value:  0
 User Skip:  0 Total Skip: 61
--------------------------------------
 Testable Rate:  36.5%


VCC Pins = 0
--------------------------------------
GND Pins = 21
--------------------------------------
6, 7, 9, 12, 19, 23, 25, 26, 
29, 36, 37, 41, 42, 50, 53, 
67, 72, 79, 84, 91, 96, 
GROUP Pins = 18
--------------------------------------
1, 5, 8, 13, 18, 20, 24, 30, 
31, 40, 44, 48, 56, 59, 73, 
78, 85, 90, 
LOAD Pins = 0
--------------------------------------
NP Pins = 22
--------------------------------------
3, 10, 11, 14, 16, 17, 21, 
22, 27, 28, 33, 34, 39, 45, 
46, 49, 54, 61, 66, 70, 93, 
94, 
LOW_V Pins = 0
--------------------------------------
SKIP Pins = 0
--------------------------------------



 IC  :  U7304   Pin = 96
 No    Pin: 26
 Vcc   Pin:  0
 Gnd   Pin: 21
 Group Pin: 18
 Load  Pin:  0
 Low Value:  0
 User Skip:  0 Total Skip: 65
--------------------------------------
 Testable Rate:  32.3%


VCC Pins = 0
--------------------------------------
GND Pins = 21
--------------------------------------
6, 7, 9, 12, 19, 23, 25, 26, 
29, 36, 37, 41, 42, 50, 53, 
67, 72, 79, 84, 91, 96, 
GROUP Pins = 18
--------------------------------------
1, 5, 8, 13, 18, 20, 24, 30, 
31, 40, 44, 48, 56, 59, 73, 
78, 85, 90, 
LOAD Pins = 0
--------------------------------------
NP Pins = 26
--------------------------------------
2, 4, 10, 14, 15, 16, 21, 22, 
27, 28, 32, 33, 34, 35, 38, 
39, 46, 47, 49, 54, 61, 65, 
66, 70, 93, 94, 
LOW_V Pins = 0
--------------------------------------
SKIP Pins = 0
--------------------------------------



 IC  :  U7401   Pin = 96
 No    Pin: 24
 Vcc   Pin:  0
 Gnd   Pin: 21
 Group Pin: 18
 Load  Pin:  0
 Low Value:  0
 User Skip:  0 Total Skip: 63
--------------------------------------
 Testable Rate:  34.4%


VCC Pins = 0
--------------------------------------
GND Pins = 21
--------------------------------------
6, 7, 9, 12, 19, 23, 25, 26, 
29, 36, 37, 41, 42, 50, 53, 
67, 72, 79, 84, 91, 96, 
GROUP Pins = 18
--------------------------------------
1, 5, 8, 13, 18, 20, 24, 30, 
31, 40, 44, 48, 56, 59, 73, 
78, 85, 90, 
LOAD Pins = 0
--------------------------------------
NP Pins = 24
--------------------------------------
2, 3, 10, 11, 14, 16, 17, 22, 
27, 32, 33, 34, 39, 45, 46, 
47, 49, 52, 54, 61, 66, 70, 
93, 94, 
LOW_V Pins = 0
--------------------------------------
SKIP Pins = 0
--------------------------------------



 IC  :  U7402   Pin = 96
 No    Pin: 25
 Vcc   Pin:  0
 Gnd   Pin: 21
 Group Pin: 18
 Load  Pin:  0
 Low Value:  0
 User Skip:  0 Total Skip: 64
--------------------------------------
 Testable Rate:  33.3%


VCC Pins = 0
--------------------------------------
GND Pins = 21
--------------------------------------
6, 7, 9, 12, 19, 23, 25, 26, 
29, 36, 37, 41, 42, 50, 53, 
67, 72, 79, 84, 91, 96, 
GROUP Pins = 18
--------------------------------------
1, 5, 8, 13, 18, 20, 24, 30, 
31, 40, 44, 48, 56, 59, 73, 
78, 85, 90, 
LOAD Pins = 0
--------------------------------------
NP Pins = 25
--------------------------------------
2, 3, 4, 11, 15, 17, 21, 27, 
28, 32, 33, 34, 35, 38, 39, 
45, 49, 52, 54, 61, 65, 66, 
70, 93, 94, 
LOW_V Pins = 0
--------------------------------------
SKIP Pins = 0
--------------------------------------



 IC  :  U7403   Pin = 96
 No    Pin: 22
 Vcc   Pin:  0
 Gnd   Pin: 21
 Group Pin: 18
 Load  Pin:  0
 Low Value:  0
 User Skip:  0 Total Skip: 61
--------------------------------------
 Testable Rate:  36.5%


VCC Pins = 0
--------------------------------------
GND Pins = 21
--------------------------------------
6, 7, 9, 12, 19, 23, 25, 26, 
29, 36, 37, 41, 42, 50, 53, 
67, 72, 79, 84, 91, 96, 
GROUP Pins = 18
--------------------------------------
1, 5, 8, 13, 18, 20, 24, 30, 
31, 40, 44, 48, 56, 59, 73, 
78, 85, 90, 
LOAD Pins = 0
--------------------------------------
NP Pins = 22
--------------------------------------
3, 10, 11, 14, 16, 17, 21, 
22, 27, 28, 33, 34, 39, 45, 
46, 49, 54, 61, 66, 70, 93, 
94, 
LOW_V Pins = 0
--------------------------------------
SKIP Pins = 0
--------------------------------------



 IC  :  U7404   Pin = 96
 No    Pin: 25
 Vcc   Pin:  0
 Gnd   Pin: 21
 Group Pin: 18
 Load  Pin:  0
 Low Value:  0
 User Skip:  0 Total Skip: 64
--------------------------------------
 Testable Rate:  33.3%


VCC Pins = 0
--------------------------------------
GND Pins = 21
--------------------------------------
6, 7, 9, 12, 19, 23, 25, 26, 
29, 36, 37, 41, 42, 50, 53, 
67, 72, 79, 84, 91, 96, 
GROUP Pins = 18
--------------------------------------
1, 5, 8, 13, 18, 20, 24, 30, 
31, 40, 44, 48, 56, 59, 73, 
78, 85, 90, 
LOAD Pins = 0
--------------------------------------
NP Pins = 25
--------------------------------------
2, 4, 10, 14, 15, 16, 21, 22, 
27, 28, 32, 33, 34, 35, 38, 
39, 46, 47, 49, 54, 61, 66, 
70, 93, 94, 
LOW_V Pins = 0
--------------------------------------
SKIP Pins = 0
--------------------------------------



